  3DBasic3.cpp
3DBasic3.cpp(32): warning C4018: '<': signed/unsigned mismatch
3DBasic3.cpp(82): warning C4018: '<': signed/unsigned mismatch
3DBasic3.cpp(146): warning C4018: '<': signed/unsigned mismatch
3DBasic3.cpp(154): warning C4018: '<': signed/unsigned mismatch
3DBasic3.cpp(160): warning C4244: 'argument': conversion from 'double' to 'int', possible loss of data
3DBasic3.cpp(161): warning C4244: 'argument': conversion from 'double' to 'int', possible loss of data
3DBasic3.cpp(162): warning C4244: 'argument': conversion from 'double' to 'int', possible loss of data
3DBasic3.cpp(163): warning C4244: 'argument': conversion from 'double' to 'int', possible loss of data
3DBasic3.cpp(169): warning C4018: '<': signed/unsigned mismatch
3DBasic3.cpp(175): warning C4244: 'argument': conversion from 'double' to 'int', possible loss of data
3DBasic3.cpp(176): warning C4244: 'argument': conversion from 'double' to 'int', possible loss of data
3DBasic3.cpp(177): warning C4244: 'argument': conversion from 'double' to 'int', possible loss of data
3DBasic3.cpp(178): warning C4244: 'argument': conversion from 'double' to 'int', possible loss of data
3DBasic3.cpp(189): warning C4018: '<': signed/unsigned mismatch
  Generating code
  All 311 functions were compiled because no usable IPDB/IOBJ from previous compilation was found.
  Finished generating code
  3DBasic3.vcxproj -> C:\Users\Havard\Desktop\BasicProjection\Windows Application\3DBasic3\Release\3DBasic3.exe
  3DBasic3.vcxproj -> C:\Users\Havard\Desktop\BasicProjection\Windows Application\3DBasic3\Release\3DBasic3.pdb (Full PDB)
